MPASM  5.43                     PIC16F877.ASM   12-5-2018  0:23:48         PAGE  1


LOC  OBJECT CODE     LINE SOURCE TEXT
  VALUE

                      00001 
                      00002 ;================================================
                      00003 ; Настройка и конфигурация микроконтроллера
                      00004 ;================================================
                      00005         LIST  p=16F877
                      00006         #include <p16F877.inc> 
                      00001         LIST
                      00002 
                      00003 ;==========================================================================
                      00004 ;  MPASM PIC16F877 processor include
                      00005 ; 
                      00006 ;  (c) Copyright 1999-2011 Microchip Technology, All rights reserved
                      00007 ;==========================================================================
                      00008 
                      00538         LIST
                      00007 ;================================================
                      00008 ; Инициализация регистров специального назначения
                      00009 ;================================================
                      00010 
  0000000B            00011 INTCON                  equ 0x0B
  00000003            00012 STATUS                  equ 0x03
  00000008            00013 PORTD                   equ 0x08
  00000088            00014 TRISD                   equ 0x88
  00000006            00015 PORTB                   equ 0x06
  00000086            00016 TRISB                   equ 0x86
                      00017 
                      00018 ;================================================
                      00019 ; Инициализация констант
                      00020 ;================================================
                      00021 
  00000005            00022 RP0                     equ 0x05
  00000000            00023 C           equ 0x00
  00000002            00024 Z           equ 0x02
                      00025 
                      00026 ;================================================
                      00027 ; Инициализация переменных в памяти данных
                      00028 ;================================================
  00000020            00029 LIGHTS_FULL           equ 0x20
                      00030 ;================================================
                      00031 ; Начало программы
                      00032 ;================================================
0000                  00033         ORG 0x00
0000   2801           00034         goto Start
                      00035 
0001                  00036 Start:
0001   018B           00037         clrf INTCON                     ;запрещаем все прерывания
                      00038 ;===============================================
                      00039 ; Настраиваем линии порта PORTD на выход
                      00040 ;===============================================
                      00041 
0002   1683           00042         bsf STATUS,RP0                  ;переходим в банк 1
Message[302]: Register in operand not in bank 0.  Ensure that bank bits are correct.
0003   0188           00043         CLRF TRISD
MPASM  5.43                     PIC16F877.ASM   12-5-2018  0:23:48         PAGE  2


LOC  OBJECT CODE     LINE SOURCE TEXT
  VALUE

Message[302]: Register in operand not in bank 0.  Ensure that bank bits are correct.
0004   0186           00044         CLRF TRISB      
                      00045 ;       BSF TRISB,0x00 ;кнопка                          
0005   1283           00046         BCF STATUS,RP0          ;переходим в банк 0     
                      00047                 
                      00048 ;===============================================
                      00049 ; Закончили настройку
                      00050 ;===============================================
0006                  00051 LOOP:
                      00052 
0006   1403           00053         BSF STATUS,C
0007   0188           00054         CLRF PORTD
0008   01A0           00055         CLRF LIGHTS_FULL        
0009   30FF           00056         movlw B'11111111'
000A   0086           00057         movwf PORTB
                      00058 
000B                  00059 RUNNING_LIGHTS:
                      00060 
000B   0D88           00061         RLF PORTD,1
000C   2821           00062         GOTO XOR0
000D                  00063 XOR_FALSE:
000D   1806           00064         BTFSC PORTB,.0 ;нажатие кнопки
000E   2810           00065         GOTO BUTTON_CLICK
Warning[203]: Found opcode in column 1. (GOTO)
000F   280B           00066 GOTO RUNNING_LIGHTS
                      00067 
0010                  00068 BUTTON_CLICK:
                      00069 
0010   1C08           00070         BTFSS PORTD,.0 ;проверка горит ли первый светодиод
0011   280B           00071         GOTO RUNNING_LIGHTS
0012   1803           00072         BTFSC STATUS,C
0013   280B           00073         GOTO RUNNING_LIGHTS
0014   281B           00074         GOTO XOR255
                      00075 
0015                  00076 MODIFICATION_LIGHTS:
                      00077 
0015   1820           00078         BTFSC LIGHTS_FULL,.0
0016   2819           00079         GOTO LDEC
0017   1403           00080         BSF STATUS,C
0018   280B           00081         GOTO RUNNING_LIGHTS
                      00082         
0019                  00083 LDEC:
                      00084 
0019   1008           00085         BCF PORTD,C
001A   280B           00086         GOTO RUNNING_LIGHTS
                      00087         
                      00088 
Warning[207]: Found label after column 1. (XOR255)
001B                  00089  XOR255:
                      00090 
001B   0808           00091     MOVF      PORTD,W   ; копировать из PORTD в W
001C   1103           00092     BCF       STATUS,Z ; опустим флаг Z в ноль
001D   3AFF           00093     XORLW     .255     ; проводим сравнение с числом 255(все светодиоды горят)
MPASM  5.43                     PIC16F877.ASM   12-5-2018  0:23:48         PAGE  3


LOC  OBJECT CODE     LINE SOURCE TEXT
  VALUE

001E   1903           00094     BTFSC     STATUS,Z ; делаем бит-проверку Z-флага
001F   2827           00095         GOTO DEC_LIGHTS
0020   2815           00096         GOTO MODIFICATION_LIGHTS
                      00097 
                      00098 ; если Z=1, то выполняется следующая инструкция, иначе – пропускается
                      00099 
Warning[207]: Found label after column 1. (XOR0)
0021                  00100  XOR0:
                      00101 
0021   0808           00102     MOVF      PORTD,W   ; копировать из PORTD в W
0022   1103           00103     BCF       STATUS,Z ; опустим флаг Z в ноль
0023   3A00           00104     XORLW     .0     ; проводим сравнение с числом 0(все светодиоды погасли)
0024   1903           00105     BTFSC     STATUS,Z ; делаем бит-проверку Z-флага
0025   2806           00106         GOTO LOOP
0026   280D           00107         GOTO XOR_FALSE
                      00108 
0027                  00109 DEC_LIGHTS:
                      00110 
Warning[203]: Found opcode in column 1. (BSF)
0027   1420           00111 BSF LIGHTS_FULL,.0
Warning[203]: Found opcode in column 1. (GOTO)
0028   2815           00112 GOTO MODIFICATION_LIGHTS
                      00113 
                      00114 
Warning[205]: Found directive in column 1. (End)
                      00115 End
MPASM  5.43                     PIC16F877.ASM   12-5-2018  0:23:48         PAGE  4


SYMBOL TABLE
  LABEL                             VALUE 

ACKDT                             00000005
ACKEN                             00000004
ACKSTAT                           00000006
ADCON0                            0000001F
ADCON1                            0000009F
ADCS0                             00000006
ADCS1                             00000007
ADDEN                             00000003
ADFM                              00000007
ADIE                              00000006
ADIF                              00000006
ADON                              00000000
ADRESH                            0000001E
ADRESL                            0000009E
BCLIE                             00000003
BCLIF                             00000003
BF                                00000000
BRGH                              00000002
BUTTON_CLICK                      00000010
C                                 00000000
CCP1CON                           00000017
CCP1IE                            00000002
CCP1IF                            00000002
CCP1M0                            00000000
CCP1M1                            00000001
CCP1M2                            00000002
CCP1M3                            00000003
CCP1X                             00000005
CCP1Y                             00000004
CCP2CON                           0000001D
CCP2IE                            00000000
CCP2IF                            00000000
CCP2M0                            00000000
CCP2M1                            00000001
CCP2M2                            00000002
CCP2M3                            00000003
CCP2X                             00000005
CCP2Y                             00000004
CCPR1                             00000015
CCPR1H                            00000016
CCPR1L                            00000015
CCPR2                             0000001B
CCPR2H                            0000001C
CCPR2L                            0000001B
CHS0                              00000003
CHS1                              00000004
CHS2                              00000005
CKE                               00000006
CKP                               00000004
CREN                              00000004
CSRC                              00000007
D                                 00000005
DATA_ADDRESS                      00000005
MPASM  5.43                     PIC16F877.ASM   12-5-2018  0:23:48         PAGE  5


SYMBOL TABLE
  LABEL                             VALUE 

DC                                00000001
DEC_LIGHTS                        00000027
D_A                               00000005
D_NOT_A                           00000005
EEADR                             0000010D
EEADRH                            0000010F
EECON1                            0000018C
EECON2                            0000018D
EEDATA                            0000010C
EEDATH                            0000010E
EEIE                              00000004
EEIF                              00000004
EEPGD                             00000007
F                                 00000001
FERR                              00000002
FSR                               00000004
GCEN                              00000007
GIE                               00000007
GO                                00000002
GO_DONE                           00000002
GO_NOT_DONE                       00000002
I2C_DATA                          00000005
I2C_READ                          00000002
I2C_START                         00000003
I2C_STOP                          00000004
IBF                               00000007
IBOV                              00000005
INDF                              00000000
INTCON                            0000000B
INTE                              00000004
INTEDG                            00000006
INTF                              00000001
IRP                               00000007
LDEC                              00000019
LIGHTS_FULL                       00000020
LOOP                              00000006
MODIFICATION_LIGHTS               00000015
NOT_A                             00000005
NOT_ADDRESS                       00000005
NOT_BO                            00000000
NOT_BOR                           00000000
NOT_DONE                          00000002
NOT_PD                            00000003
NOT_POR                           00000001
NOT_RBPU                          00000007
NOT_RC8                           00000006
NOT_T1SYNC                        00000002
NOT_TO                            00000004
NOT_TX8                           00000006
NOT_W                             00000002
NOT_WRITE                         00000002
OBF                               00000006
OERR                              00000001
MPASM  5.43                     PIC16F877.ASM   12-5-2018  0:23:48         PAGE  6


SYMBOL TABLE
  LABEL                             VALUE 

OPTION_REG                        00000081
P                                 00000004
PCFG0                             00000000
PCFG1                             00000001
PCFG2                             00000002
PCFG3                             00000003
PCL                               00000002
PCLATH                            0000000A
PCON                              0000008E
PEIE                              00000006
PEN                               00000002
PIE1                              0000008C
PIE2                              0000008D
PIR1                              0000000C
PIR2                              0000000D
PORTA                             00000005
PORTB                             00000006
PORTC                             00000007
PORTD                             00000008
PORTE                             00000009
PR2                               00000092
PS0                               00000000
PS1                               00000001
PS2                               00000002
PSA                               00000003
PSPIE                             00000007
PSPIF                             00000007
PSPMODE                           00000004
R                                 00000002
RA0                               00000000
RA1                               00000001
RA2                               00000002
RA3                               00000003
RA4                               00000004
RA5                               00000005
RB0                               00000000
RB1                               00000001
RB2                               00000002
RB3                               00000003
RB4                               00000004
RB5                               00000005
RB6                               00000006
RB7                               00000007
RBIE                              00000003
RBIF                              00000000
RC0                               00000000
RC1                               00000001
RC2                               00000002
RC3                               00000003
RC4                               00000004
RC5                               00000005
RC6                               00000006
RC7                               00000007
MPASM  5.43                     PIC16F877.ASM   12-5-2018  0:23:48         PAGE  7


SYMBOL TABLE
  LABEL                             VALUE 

RC8_9                             00000006
RC9                               00000006
RCD8                              00000000
RCEN                              00000003
RCIE                              00000005
RCIF                              00000005
RCREG                             0000001A
RCSTA                             00000018
RD                                00000000
RD0                               00000000
RD1                               00000001
RD2                               00000002
RD3                               00000003
RD4                               00000004
RD5                               00000005
RD6                               00000006
RD7                               00000007
RE0                               00000000
RE1                               00000001
RE2                               00000002
READ_WRITE                        00000002
RP0                               00000005
RP1                               00000006
RSEN                              00000001
RUNNING_LIGHTS                    0000000B
RX9                               00000006
RX9D                              00000000
R_NOT_W                           00000002
R_W                               00000002
S                                 00000003
SEN                               00000000
SMP                               00000007
SPBRG                             00000099
SPEN                              00000007
SREN                              00000005
SSPADD                            00000093
SSPBUF                            00000013
SSPCON                            00000014
SSPCON2                           00000091
SSPEN                             00000005
SSPIE                             00000003
SSPIF                             00000003
SSPM0                             00000000
SSPM1                             00000001
SSPM2                             00000002
SSPM3                             00000003
SSPOV                             00000006
SSPSTAT                           00000094
STATUS                            00000003
SYNC                              00000004
Start                             00000001
T0CS                              00000005
T0IE                              00000005
MPASM  5.43                     PIC16F877.ASM   12-5-2018  0:23:48         PAGE  8


SYMBOL TABLE
  LABEL                             VALUE 

T0IF                              00000002
T0SE                              00000004
T1CKPS0                           00000004
T1CKPS1                           00000005
T1CON                             00000010
T1INSYNC                          00000002
T1OSCEN                           00000003
T1SYNC                            00000002
T2CKPS0                           00000000
T2CKPS1                           00000001
T2CON                             00000012
TMR0                              00000001
TMR0IE                            00000005
TMR0IF                            00000002
TMR1CS                            00000001
TMR1H                             0000000F
TMR1IE                            00000000
TMR1IF                            00000000
TMR1L                             0000000E
TMR1ON                            00000000
TMR2                              00000011
TMR2IE                            00000001
TMR2IF                            00000001
TMR2ON                            00000002
TOUTPS0                           00000003
TOUTPS1                           00000004
TOUTPS2                           00000005
TOUTPS3                           00000006
TRISA                             00000085
TRISA0                            00000000
TRISA1                            00000001
TRISA2                            00000002
TRISA3                            00000003
TRISA4                            00000004
TRISA5                            00000005
TRISB                             00000086
TRISB0                            00000000
TRISB1                            00000001
TRISB2                            00000002
TRISB3                            00000003
TRISB4                            00000004
TRISB5                            00000005
TRISB6                            00000006
TRISB7                            00000007
TRISC                             00000087
TRISC0                            00000000
TRISC1                            00000001
TRISC2                            00000002
TRISC3                            00000003
TRISC4                            00000004
TRISC5                            00000005
TRISC6                            00000006
TRISC7                            00000007
MPASM  5.43                     PIC16F877.ASM   12-5-2018  0:23:48         PAGE  9


SYMBOL TABLE
  LABEL                             VALUE 

TRISD                             00000088
TRISD0                            00000000
TRISD1                            00000001
TRISD2                            00000002
TRISD3                            00000003
TRISD4                            00000004
TRISD5                            00000005
TRISD6                            00000006
TRISD7                            00000007
TRISE                             00000089
TRISE0                            00000000
TRISE1                            00000001
TRISE2                            00000002
TRMT                              00000001
TX8_9                             00000006
TX9                               00000006
TX9D                              00000000
TXD8                              00000000
TXEN                              00000005
TXIE                              00000004
TXIF                              00000004
TXREG                             00000019
TXSTA                             00000098
UA                                00000001
W                                 00000000
WCOL                              00000007
WR                                00000001
WREN                              00000002
WRERR                             00000003
XOR0                              00000021
XOR255                            0000001B
XOR_FALSE                         0000000D
Z                                 00000002
_BODEN_OFF                        00003FBF
_BODEN_ON                         00003FFF
_BOREN_OFF                        00003FBF
_BOREN_ON                         00003FFF
_CONFIG                           00002007
_CPD_OFF                          00003FFF
_CPD_ON                           00003EFF
_CP_All                           00000FCF
_CP_HALF                          00001FDF
_CP_OFF                           00003FFF
_CP_UPPER_256                     00002FEF
_DEBUG_OFF                        00003FFF
_DEBUG_ON                         000037FF
_DEVID1                           00002006
_FOSC_EXTRC                       00003FFF
_FOSC_HS                          00003FFE
_FOSC_LP                          00003FFC
_FOSC_XT                          00003FFD
_HS_OSC                           00003FFE
_IDLOC0                           00002000
MPASM  5.43                     PIC16F877.ASM   12-5-2018  0:23:48         PAGE 10


SYMBOL TABLE
  LABEL                             VALUE 

_IDLOC1                           00002001
_IDLOC2                           00002002
_IDLOC3                           00002003
_LP_OSC                           00003FFC
_LVP_OFF                          00003F7F
_LVP_ON                           00003FFF
_PWRTE_OFF                        00003FFF
_PWRTE_ON                         00003FF7
_RC_OSC                           00003FFF
_WDTE_OFF                         00003FFB
_WDTE_ON                          00003FFF
_WDT_OFF                          00003FFB
_WDT_ON                           00003FFF
_WRT_ENABLE_OFF                   00003DFF
_WRT_ENABLE_ON                    00003FFF
_WRT_OFF                          00003DFF
_WRT_ON                           00003FFF
_XT_OSC                           00003FFD
__16F877                          00000001
__DEBUG                           1


MEMORY USAGE MAP ('X' = Used,  '-' = Unused)

0000 : XXXXXXXXXXXXXXXX XXXXXXXXXXXXXXXX XXXXXXXXX------- ----------------

All other memory blocks unused.

Program Memory Words Used:    41
Program Memory Words Free:  8151


Errors   :     0
Warnings :     6 reported,     0 suppressed
Messages :     2 reported,     0 suppressed

